Sep 27, 2023 2:10:27 PM RP.Main main
FINE: Chosen Character: Ogerius aka Oger
Sep 27, 2023 2:10:27 PM RP.Game fight
FINE: Goblinus aka Goblin
Stats:
   HP 100.0
   CarryWeight 55
   HitBox 1
   Armor Blätterrüstung   Defense 6
   Base Damage 55.98663595045436
Sep 27, 2023 2:10:36 PM RP.Game addingOrNot
FINE: Not added Item
Sep 27, 2023 2:10:45 PM RP.Game addingOrNot
FINE: Not added Item
Sep 27, 2023 2:10:51 PM RP.Game action
FINE: Attack
Sep 27, 2023 2:10:51 PM RP.Game action
FINE: Boss New HP65.74515712327695
Sep 27, 2023 2:10:54 PM RP.Game bossAttack
FINE: 
U got Attacked
Sep 27, 2023 2:10:54 PM RP.Game bossAttack
FINE: Your New HP150.5056781007878
Sep 27, 2023 2:10:55 PM RP.Game addingOrNot
FINE: Not added Item
Sep 27, 2023 2:11:10 PM RP.Game addingOrNot
FINE: Not added Item
Sep 27, 2023 2:11:18 PM RP.Game addingOrNot
FINE: Not added Item
Sep 27, 2023 2:11:21 PM RP.Game action
FINE: Attack
Sep 27, 2023 2:11:21 PM RP.Game action
FINE: Boss New HP30.815590182811547
Sep 27, 2023 2:11:24 PM RP.Game potionsSorter
FINE: Trank Genommen Gandalfs Pisse
Sep 27, 2023 2:11:24 PM RP.Game usingHealPotion
FINE: Goblinus aka Goblin hat nun 30 mehr Leben
Sep 27, 2023 2:11:24 PM RP.Game usingHealPotion
FINE: Goblinus aka Goblin New HP 60.81559018281155
Sep 27, 2023 2:11:26 PM RP.Game addingOrNot
FINE: Not added Item
